TN:
SF:src\controllers\pembeliController.js
FN:3,getAllPembeli
FN:16,getPembeliById
FN:31,updatePembeli
FN:46,deletePembeli
FN:64,registerPembeli
FN:77,loginPembeli
FNF:6
FNH:6
FNDA:2,getAllPembeli
FNDA:2,getPembeliById
FNDA:2,updatePembeli
FNDA:2,deletePembeli
FNDA:2,registerPembeli
FNDA:2,loginPembeli
DA:1,1
DA:2,1
DA:3,1
DA:4,2
DA:5,2
DA:6,1
DA:7,1
DA:8,1
DA:9,1
DA:10,1
DA:11,1
DA:12,1
DA:13,1
DA:14,2
DA:15,1
DA:16,1
DA:17,2
DA:18,2
DA:19,2
DA:20,2
DA:21,2
DA:22,2
DA:23,2
DA:24,2
DA:25,2
DA:26,2
DA:27,0
DA:28,0
DA:29,2
DA:30,1
DA:31,1
DA:32,2
DA:33,2
DA:34,2
DA:35,2
DA:36,1
DA:37,1
DA:38,1
DA:39,1
DA:40,1
DA:41,1
DA:42,1
DA:43,1
DA:44,2
DA:45,1
DA:46,1
DA:47,2
DA:48,2
DA:49,2
DA:50,2
DA:51,1
DA:52,1
DA:53,1
DA:54,1
DA:55,1
DA:56,0
DA:57,0
DA:58,0
DA:59,0
DA:60,1
DA:61,1
DA:62,2
DA:63,1
DA:64,1
DA:65,2
DA:66,2
DA:67,1
DA:68,1
DA:69,1
DA:70,1
DA:71,1
DA:72,1
DA:73,1
DA:74,1
DA:75,2
DA:76,1
DA:77,1
DA:78,2
DA:79,2
DA:80,1
DA:81,1
DA:82,1
DA:83,1
DA:84,1
DA:85,1
DA:86,1
DA:87,1
DA:88,2
DA:89,1
DA:90,1
DA:91,1
DA:92,1
DA:93,1
DA:94,1
DA:95,1
DA:96,1
DA:97,1
LF:97
LH:91
BRDA:3,0,0,2
BRDA:5,1,0,1
BRDA:16,2,0,2
BRDA:26,3,0,0
BRDA:31,4,0,2
BRDA:35,5,0,1
BRDA:46,6,0,2
BRDA:50,7,0,1
BRDA:55,8,0,0
BRDA:64,9,0,2
BRDA:66,10,0,1
BRDA:77,11,0,2
BRDA:79,12,0,1
BRF:13
BRH:11
end_of_record
TN:
SF:src\controllers\petaniController.js
FN:3,getAllPetani
FN:16,getPetaniById
FN:31,registerPetani
FN:44,loginPetani
FN:57,updatePetani
FN:72,deletePetani
FNF:6
FNH:6
FNDA:2,getAllPetani
FNDA:2,getPetaniById
FNDA:2,registerPetani
FNDA:2,loginPetani
FNDA:2,updatePetani
FNDA:2,deletePetani
DA:1,1
DA:2,1
DA:3,1
DA:4,2
DA:5,2
DA:6,1
DA:7,1
DA:8,1
DA:9,1
DA:10,1
DA:11,1
DA:12,1
DA:13,1
DA:14,2
DA:15,1
DA:16,1
DA:17,2
DA:18,2
DA:19,2
DA:20,2
DA:21,1
DA:22,1
DA:23,1
DA:24,1
DA:25,1
DA:26,1
DA:27,1
DA:28,1
DA:29,2
DA:30,1
DA:31,1
DA:32,2
DA:33,2
DA:34,1
DA:35,1
DA:36,1
DA:37,1
DA:38,1
DA:39,1
DA:40,1
DA:41,1
DA:42,2
DA:43,1
DA:44,1
DA:45,2
DA:46,2
DA:47,1
DA:48,1
DA:49,1
DA:50,1
DA:51,1
DA:52,1
DA:53,1
DA:54,1
DA:55,2
DA:56,1
DA:57,1
DA:58,2
DA:59,2
DA:60,2
DA:61,2
DA:62,1
DA:63,1
DA:64,1
DA:65,1
DA:66,1
DA:67,1
DA:68,1
DA:69,1
DA:70,2
DA:71,1
DA:72,1
DA:73,2
DA:74,2
DA:75,2
DA:76,2
DA:77,1
DA:78,1
DA:79,1
DA:80,1
DA:81,1
DA:82,1
DA:83,1
DA:84,2
DA:85,1
DA:86,1
DA:87,1
DA:88,1
DA:89,1
DA:90,1
DA:91,1
DA:92,1
DA:93,1
LF:93
LH:93
BRDA:3,0,0,2
BRDA:5,1,0,1
BRDA:16,2,0,2
BRDA:20,3,0,1
BRDA:31,4,0,2
BRDA:33,5,0,1
BRDA:44,6,0,2
BRDA:46,7,0,1
BRDA:57,8,0,2
BRDA:61,9,0,1
BRDA:72,10,0,2
BRDA:76,11,0,1
BRF:12
BRH:12
end_of_record
TN:
SF:src\middlewares\auth.js
FNF:0
FNH:0
DA:1,1
DA:2,1
DA:3,1
DA:4,1
DA:5,1
DA:6,1
DA:7,1
DA:8,1
DA:9,1
DA:10,1
DA:11,1
DA:12,1
DA:13,1
DA:14,2
DA:15,2
DA:16,2
DA:17,2
DA:18,2
DA:19,0
DA:20,0
DA:21,0
DA:22,0
DA:23,2
DA:24,1
DA:25,1
DA:26,1
DA:27,1
DA:28,1
DA:29,1
DA:30,1
DA:31,1
DA:32,1
DA:33,1
DA:34,0
DA:35,0
DA:36,0
DA:37,0
DA:38,1
DA:39,1
DA:40,1
DA:41,1
LF:41
LH:33
BRDA:13,0,0,2
BRDA:18,1,0,0
BRDA:28,2,0,1
BRDA:33,3,0,0
BRF:4
BRH:2
end_of_record
TN:
SF:src\middlewares\errorHandler.js
FN:1,errorHandler
FNF:1
FNH:1
FNDA:1,errorHandler
DA:1,1
DA:2,1
DA:3,1
DA:4,1
DA:5,1
DA:6,1
DA:7,1
DA:8,1
DA:9,1
DA:10,1
DA:11,1
LF:11
LH:11
BRDA:1,0,0,1
BRDA:2,1,0,0
BRDA:7,2,0,0
BRF:3
BRH:1
end_of_record
TN:
SF:src\middlewares\multer.js
FN:9,destination
FN:12,filename
FNF:2
FNH:2
FNDA:1,destination
FNDA:1,filename
DA:1,1
DA:2,1
DA:3,1
DA:4,1
DA:5,1
DA:6,1
DA:7,1
DA:8,1
DA:9,1
DA:10,1
DA:11,1
DA:12,1
DA:13,1
DA:14,1
DA:15,1
DA:16,1
DA:17,1
DA:18,1
DA:19,1
DA:20,1
DA:21,1
DA:22,1
DA:23,1
DA:24,1
DA:25,1
DA:26,1
DA:27,1
DA:28,1
LF:28
LH:28
BRDA:9,0,0,1
BRDA:12,1,0,1
BRDA:23,2,0,1
BRF:3
BRH:3
end_of_record
TN:
SF:src\models\pembeliModel.js
FN:5,findAll
FN:8,findById
FN:13,findByEmail
FN:18,create
FN:21,update
FN:27,delete
FNF:6
FNH:3
FNDA:0,findAll
FNDA:0,findById
FNDA:0,findByEmail
FNDA:1,create
FNDA:1,update
FNDA:1,delete
DA:1,1
DA:2,1
DA:3,1
DA:4,1
DA:5,1
DA:6,0
DA:7,1
DA:8,1
DA:9,0
DA:10,0
DA:11,0
DA:12,1
DA:13,1
DA:14,0
DA:15,0
DA:16,0
DA:17,1
DA:18,1
DA:19,1
DA:20,1
DA:21,1
DA:22,1
DA:23,1
DA:24,1
DA:25,1
DA:26,1
DA:27,1
DA:28,1
DA:29,1
DA:30,1
DA:31,1
DA:32,1
DA:33,1
DA:34,1
LF:34
LH:27
BRDA:18,0,0,1
BRDA:21,1,0,1
BRDA:27,2,0,1
BRF:3
BRH:3
end_of_record
TN:
SF:src\models\petaniModel.js
FN:6,findAll
FN:9,findById
FN:14,findByEmail
FN:19,create
FN:27,update
FN:36,delete
FNF:6
FNH:5
FNDA:1,findAll
FNDA:1,findById
FNDA:0,findByEmail
FNDA:1,create
FNDA:1,update
FNDA:1,delete
DA:1,1
DA:2,1
DA:3,1
DA:4,1
DA:5,1
DA:6,1
DA:7,1
DA:8,1
DA:9,1
DA:10,1
DA:11,1
DA:12,1
DA:13,1
DA:14,1
DA:15,0
DA:16,0
DA:17,0
DA:18,1
DA:19,1
DA:20,1
DA:21,1
DA:22,1
DA:23,1
DA:24,1
DA:25,1
DA:26,1
DA:27,1
DA:28,1
DA:29,1
DA:30,1
DA:31,1
DA:32,1
DA:33,1
DA:34,1
DA:35,1
DA:36,1
DA:37,1
DA:38,1
DA:39,1
DA:40,1
DA:41,1
DA:42,1
DA:43,1
LF:43
LH:40
BRDA:6,0,0,1
BRDA:9,1,0,1
BRDA:19,2,0,1
BRDA:27,3,0,1
BRDA:36,4,0,1
BRF:5
BRH:5
end_of_record
TN:
SF:src\services\pembeliService.js
FN:29,generatePembeliToken
FN:35,getAllPembeli
FN:43,getPembeliById
FN:51,registerPembeli
FN:65,loginPembeli
FN:84,updatePembeli
FN:99,deletePembeli
FNF:7
FNH:7
FNDA:1,generatePembeliToken
FNDA:2,getAllPembeli
FNDA:2,getPembeliById
FNDA:2,registerPembeli
FNDA:2,loginPembeli
FNDA:2,updatePembeli
FNDA:1,deletePembeli
DA:1,1
DA:2,1
DA:3,1
DA:4,1
DA:5,1
DA:6,1
DA:7,1
DA:8,1
DA:9,1
DA:10,1
DA:11,1
DA:12,1
DA:13,1
DA:14,1
DA:15,1
DA:16,1
DA:17,1
DA:18,1
DA:19,1
DA:20,1
DA:21,1
DA:22,1
DA:23,1
DA:24,1
DA:25,1
DA:26,1
DA:27,1
DA:28,1
DA:29,1
DA:30,1
DA:31,1
DA:32,1
DA:33,1
DA:34,1
DA:35,1
DA:36,2
DA:37,2
DA:38,1
DA:39,1
DA:40,1
DA:41,1
DA:42,1
DA:43,1
DA:44,2
DA:45,2
DA:46,1
DA:47,1
DA:48,1
DA:49,1
DA:50,1
DA:51,1
DA:52,2
DA:53,2
DA:54,1
DA:55,1
DA:56,1
DA:57,1
DA:58,1
DA:59,1
DA:60,1
DA:61,1
DA:62,1
DA:63,1
DA:64,1
DA:65,1
DA:66,2
DA:67,2
DA:68,0
DA:69,0
DA:70,2
DA:71,2
DA:72,2
DA:73,2
DA:74,2
DA:75,1
DA:76,2
DA:77,1
DA:78,1
DA:79,1
DA:80,1
DA:81,1
DA:82,1
DA:83,1
DA:84,1
DA:85,2
DA:86,2
DA:87,1
DA:88,1
DA:89,1
DA:90,1
DA:91,1
DA:92,1
DA:93,0
DA:94,1
DA:95,2
DA:96,1
DA:97,1
DA:98,1
DA:99,1
DA:100,1
DA:101,1
DA:102,1
DA:103,1
DA:104,1
DA:105,1
DA:106,1
DA:107,1
DA:108,1
DA:109,1
DA:110,1
LF:110
LH:107
BRDA:29,0,0,1
BRDA:35,1,0,2
BRDA:37,2,0,1
BRDA:43,3,0,2
BRDA:45,4,0,1
BRDA:51,5,0,2
BRDA:53,6,0,1
BRDA:65,7,0,2
BRDA:67,8,0,0
BRDA:74,9,0,1
BRDA:76,10,0,1
BRDA:84,11,0,2
BRDA:86,12,0,1
BRDA:93,13,0,0
BRDA:94,14,0,1
BRDA:95,15,0,1
BRDA:99,16,0,1
BRF:17
BRH:15
end_of_record
TN:
SF:src\services\petaniService.js
FN:32,generatePetaniToken
FN:38,getAllPetani
FN:46,getPetaniById
FN:54,registerPetani
FN:68,loginPetani
FN:87,updatePetani
FN:103,deletePetani
FNF:7
FNH:7
FNDA:1,generatePetaniToken
FNDA:2,getAllPetani
FNDA:2,getPetaniById
FNDA:2,registerPetani
FNDA:2,loginPetani
FNDA:2,updatePetani
FNDA:1,deletePetani
DA:1,1
DA:2,1
DA:3,1
DA:4,1
DA:5,1
DA:6,1
DA:7,1
DA:8,1
DA:9,1
DA:10,1
DA:11,1
DA:12,1
DA:13,1
DA:14,1
DA:15,1
DA:16,1
DA:17,1
DA:18,1
DA:19,1
DA:20,1
DA:21,1
DA:22,1
DA:23,1
DA:24,1
DA:25,1
DA:26,1
DA:27,1
DA:28,1
DA:29,1
DA:30,1
DA:31,1
DA:32,1
DA:33,1
DA:34,1
DA:35,1
DA:36,1
DA:37,1
DA:38,1
DA:39,2
DA:40,2
DA:41,1
DA:42,1
DA:43,1
DA:44,1
DA:45,1
DA:46,1
DA:47,2
DA:48,2
DA:49,1
DA:50,1
DA:51,1
DA:52,1
DA:53,1
DA:54,1
DA:55,2
DA:56,2
DA:57,1
DA:58,1
DA:59,1
DA:60,1
DA:61,1
DA:62,1
DA:63,1
DA:64,1
DA:65,1
DA:66,1
DA:67,1
DA:68,1
DA:69,2
DA:70,2
DA:71,0
DA:72,0
DA:73,2
DA:74,2
DA:75,2
DA:76,2
DA:77,2
DA:78,1
DA:79,2
DA:80,1
DA:81,1
DA:82,1
DA:83,1
DA:84,1
DA:85,1
DA:86,1
DA:87,1
DA:88,2
DA:89,2
DA:90,1
DA:91,1
DA:92,1
DA:93,1
DA:94,1
DA:95,1
DA:96,0
DA:97,1
DA:98,2
DA:99,1
DA:100,1
DA:101,1
DA:102,1
DA:103,1
DA:104,1
DA:105,1
DA:106,1
DA:107,1
DA:108,1
DA:109,1
DA:110,1
DA:111,1
DA:112,1
DA:113,1
DA:114,1
LF:114
LH:111
BRDA:32,0,0,1
BRDA:38,1,0,2
BRDA:40,2,0,1
BRDA:46,3,0,2
BRDA:48,4,0,1
BRDA:54,5,0,2
BRDA:56,6,0,1
BRDA:68,7,0,2
BRDA:70,8,0,0
BRDA:77,9,0,1
BRDA:79,10,0,1
BRDA:87,11,0,2
BRDA:89,12,0,1
BRDA:96,13,0,0
BRDA:97,14,0,1
BRDA:98,15,0,1
BRDA:103,16,0,1
BRF:17
BRH:15
end_of_record
